  CustomTree.cpp
E:\WorkSpace\Coding\Recite\Recite\CustomTree.cpp(94,102): error C2678: 二进制“<<”: 没有找到接受“QList<QString>”类型的左操作数的运算符(或没有可接受的转换)
D:\5.15.2\5.15.2\msvc2019_64\include\QtCore\qlist.h(403,22): message : 可能是“QList<QString> &QList<QString>::operator <<(const QList<QString> &)”
D:\5.15.2\5.15.2\msvc2019_64\include\QtCore\qlist.h(401,22): message : 或    “QList<QString> &QList<QString>::operator <<(const T &)”
          with
          [
              T=QString
          ]
D:\5.15.2\5.15.2\msvc2019_64\include\QtCore\qjsonobject.h(312,28): message : 或    “QDataStream &operator <<(QDataStream &,const QJsonObject &)”
D:\5.15.2\5.15.2\msvc2019_64\include\QtCore\qjsonobject.h(274,33): message : 或    “QDebug operator <<(QDebug,const QJsonObject &)”
D:\5.15.2\5.15.2\msvc2019_64\include\QtCore\qjsonvalue.h(141,39): message : 或    “QDataStream &operator <<(QDataStream &,const QJsonValue &)”
D:\5.15.2\5.15.2\msvc2019_64\include\QtCore\qjsonvalue.h(140,33): message : 或    “QDebug operator <<(QDebug,const QJsonValue &)”
D:\5.15.2\5.15.2\msvc2019_64\include\QtCore\qcborvalue.h(490,28): message : 或    “QDataStream &operator <<(QDataStream &,const QCborValue &)”
D:\5.15.2\5.15.2\msvc2019_64\include\QtCore\qcborvalue.h(486,22): message : 或    “QDebug operator <<(QDebug,const QCborValue &)”
D:\5.15.2\5.15.2\msvc2019_64\include\QtCore\quuid.h(243,22): message : 或    “QDebug operator <<(QDebug,const QUuid &)”
D:\5.15.2\5.15.2\msvc2019_64\include\QtCore\quuid.h(238,28): message : 或    “QDataStream &operator <<(QDataStream &,const QUuid &)”
D:\5.15.2\5.15.2\msvc2019_64\include\QtCore\qcborcommon.h(137,14): message : 或    “QDataStream &operator <<(QDataStream &,QCborSimpleType)”
D:\5.15.2\5.15.2\msvc2019_64\include\QtCore\qcborcommon.h(133,22): message : 或    “QDebug operator <<(QDebug,QCborTag)”
D:\5.15.2\5.15.2\msvc2019_64\include\QtCore\qcborcommon.h(132,22): message : 或    “QDebug operator <<(QDebug,QCborKnownTags)”
D:\5.15.2\5.15.2\msvc2019_64\include\QtCore\qcborcommon.h(131,22): message : 或    “QDebug operator <<(QDebug,QCborSimpleType)”
D:\5.15.2\5.15.2\msvc2019_64\include\QtCore\qtextstream.h(233,21): message : 或    “QTextStream &operator <<(QTextStream &,QTextStreamManipulator)”
D:\5.15.2\5.15.2\msvc2019_64\include\QtCore\qtextstream.h(230,21): message : 或    “QTextStream &operator <<(QTextStream &,QTextStreamFunction)”
D:\5.15.2\5.15.2\msvc2019_64\include\QtCore\qdatetime.h(450,22): message : 或    “QDebug operator <<(QDebug,const QTime &)”
D:\5.15.2\5.15.2\msvc2019_64\include\QtCore\qdatetime.h(449,22): message : 或    “QDebug operator <<(QDebug,const QDate &)”
D:\5.15.2\5.15.2\msvc2019_64\include\QtCore\qdatetime.h(434,33): message : 或    “QDebug operator <<(QDebug,const QDateTime &)”
D:\5.15.2\5.15.2\msvc2019_64\include\QtCore\qdatetime.h(429,39): message : 或    “QDataStream &operator <<(QDataStream &,const QDateTime &)”
D:\5.15.2\5.15.2\msvc2019_64\include\QtCore\qdatetime.h(247,39): message : 或    “QDataStream &operator <<(QDataStream &,const QTime &)”
D:\5.15.2\5.15.2\msvc2019_64\include\QtCore\qdatetime.h(181,39): message : 或    “QDataStream &operator <<(QDataStream &,const QDate &)”
D:\5.15.2\5.15.2\msvc2019_64\include\QtGui\qevent.h(1043,21): message : 或    “QDebug operator <<(QDebug,const QTouchEvent::TouchPoint &)”
D:\5.15.2\5.15.2\msvc2019_64\include\QtGui\qevent.h(837,21): message : 或    “QDebug operator <<(QDebug,const QEvent *)”
D:\5.15.2\5.15.2\msvc2019_64\include\QtGui\qtouchdevice.h(96,21): message : 或    “QDebug operator <<(QDebug,const QTouchDevice *)”
D:\5.15.2\5.15.2\msvc2019_64\include\QtGui\qvector2d.h(282,27): message : 或    “QDataStream &operator <<(QDataStream &,const QVector2D &)”
D:\5.15.2\5.15.2\msvc2019_64\include\QtGui\qvector2d.h(278,21): message : 或    “QDebug operator <<(QDebug,const QVector2D &)”
D:\5.15.2\5.15.2\msvc2019_64\include\QtCore\qurl.h(415,22): message : 或    “QDebug operator <<(QDebug,const QUrl &)”
D:\5.15.2\5.15.2\msvc2019_64\include\QtCore\qurl.h(410,28): message : 或    “QDataStream &operator <<(QDataStream &,const QUrl &)”
D:\5.15.2\5.15.2\msvc2019_64\include\QtWidgets\qtreewidget.h(258,31): message : 或    “QDataStream &operator <<(QDataStream &,const QTreeWidgetItem &)”
D:\5.15.2\5.15.2\msvc2019_64\include\QtWidgets\qstyleoption.h(792,25): message : 或    “QDebug operator <<(QDebug,const QStyleOption &)”
D:\5.15.2\5.15.2\msvc2019_64\include\QtWidgets\qstyleoption.h(791,25): message : 或    “QDebug operator <<(QDebug,const QStyleOption::OptionType &)”
D:\5.15.2\5.15.2\msvc2019_64\include\QtWidgets\qstyle.h(899,25): message : 或    “QDebug operator <<(QDebug,QStyle::State)”
D:\5.15.2\5.15.2\msvc2019_64\include\QtGui\qicon.h(149,21): message : 或    “QDebug operator <<(QDebug,const QIcon &)”
D:\5.15.2\5.15.2\msvc2019_64\include\QtGui\qicon.h(132,38): message : 或    “QDataStream &operator <<(QDataStream &,const QIcon &)”
D:\5.15.2\5.15.2\msvc2019_64\include\QtCore\qregularexpression.h(256,22): message : 或    “QDebug operator <<(QDebug,const QRegularExpressionMatch &)”
D:\5.15.2\5.15.2\msvc2019_64\include\QtCore\qregularexpression.h(188,22): message : 或    “QDebug operator <<(QDebug,QRegularExpression::PatternOptions)”
D:\5.15.2\5.15.2\msvc2019_64\include\QtCore\qregularexpression.h(187,22): message : 或    “QDebug operator <<(QDebug,const QRegularExpression &)”
D:\5.15.2\5.15.2\msvc2019_64\include\QtCore\qregularexpression.h(182,28): message : 或    “QDataStream &operator <<(QDataStream &,const QRegularExpression &)”
D:\5.15.2\5.15.2\msvc2019_64\include\QtCore\qlocale.h(1226,22): message : 或    “QDebug operator <<(QDebug,const QLocale &)”
D:\5.15.2\5.15.2\msvc2019_64\include\QtCore\qlocale.h(1221,28): message : 或    “QDataStream &operator <<(QDataStream &,const QLocale &)”
D:\5.15.2\5.15.2\msvc2019_64\include\QtCore\qitemselectionmodel.h(268,22): message : 或    “QDebug operator <<(QDebug,const QItemSelectionRange &)”
D:\5.15.2\5.15.2\msvc2019_64\include\QtCore\qabstractitemmodel.h(146,33): message : 或    “QDebug operator <<(QDebug,const QPersistentModelIndex &)”
D:\5.15.2\5.15.2\msvc2019_64\include\QtCore\qabstractitemmodel.h(100,22): message : 或    “QDebug operator <<(QDebug,const QModelIndex &)”
D:\5.15.2\5.15.2\msvc2019_64\include\QtCore\qvariant.h(903,22): message : 或    “QDebug operator <<(QDebug,const QVariant::Type)”
D:\5.15.2\5.15.2\msvc2019_64\include\QtCore\qvariant.h(586,28): message : 或    “QDataStream &operator <<(QDataStream &,const QVariant::Type)”
D:\5.15.2\5.15.2\msvc2019_64\include\QtCore\qvariant.h(584,28): message : 或    “QDataStream &operator <<(QDataStream &,const QVariant &)”
D:\5.15.2\5.15.2\msvc2019_64\include\QtCore\qvariant.h(480,33): message : 或    “QDebug operator <<(QDebug,const QVariant &)”
D:\5.15.2\5.15.2\msvc2019_64\include\QtWidgets\qwidget.h(891,25): message : 或    “QDebug operator <<(QDebug,const QWidget *)”
D:\5.15.2\5.15.2\msvc2019_64\include\QtGui\qkeysequence.h(227,21): message : 或    “QDebug operator <<(QDebug,const QKeySequence &)”
D:\5.15.2\5.15.2\msvc2019_64\include\QtGui\qkeysequence.h(58,27): message : 或    “QDataStream &operator <<(QDataStream &,const QKeySequence &)”
D:\5.15.2\5.15.2\msvc2019_64\include\QtGui\qcursor.h(141,21): message : 或    “QDebug operator <<(QDebug,const QCursor &)”
D:\5.15.2\5.15.2\msvc2019_64\include\QtGui\qcursor.h(136,27): message : 或    “QDataStream &operator <<(QDataStream &,const QCursor &)”
D:\5.15.2\5.15.2\msvc2019_64\include\QtWidgets\qsizepolicy.h(242,25): message : 或    “QDebug operator <<(QDebug,const QSizePolicy &)”
D:\5.15.2\5.15.2\msvc2019_64\include\QtWidgets\qsizepolicy.h(173,42): message : 或    “QDataStream &operator <<(QDataStream &,const QSizePolicy &)”
D:\5.15.2\5.15.2\msvc2019_64\include\QtGui\qfont.h(341,32): message : 或    “QDebug operator <<(QDebug,const QFont &)”
D:\5.15.2\5.15.2\msvc2019_64\include\QtGui\qfont.h(336,38): message : 或    “QDataStream &operator <<(QDataStream &,const QFont &)”
D:\5.15.2\5.15.2\msvc2019_64\include\QtGui\qpalette.h(217,21): message : 或    “QDebug operator <<(QDebug,const QPalette &)”
D:\5.15.2\5.15.2\msvc2019_64\include\QtGui\qpalette.h(195,38): message : 或    “QDataStream &operator <<(QDataStream &,const QPalette &)”
D:\5.15.2\5.15.2\msvc2019_64\include\QtGui\qbrush.h(149,21): message : 或    “QDebug operator <<(QDebug,const QBrush &)”
D:\5.15.2\5.15.2\msvc2019_64\include\QtGui\qbrush.h(144,27): message : 或    “QDataStream &operator <<(QDataStream &,const QBrush &)”
D:\5.15.2\5.15.2\msvc2019_64\include\QtGui\qpixmap.h(259,21): message : 或    “QDebug operator <<(QDebug,const QPixmap &)”
D:\5.15.2\5.15.2\msvc2019_64\include\QtGui\qpixmap.h(254,27): message : 或    “QDataStream &operator <<(QDataStream &,const QPixmap &)”
D:\5.15.2\5.15.2\msvc2019_64\include\QtGui\qimage.h(507,21): message : 或    “QDebug operator <<(QDebug,const QImage &)”
D:\5.15.2\5.15.2\msvc2019_64\include\QtGui\qimage.h(502,27): message : 或    “QDataStream &operator <<(QDataStream &,const QImage &)”
D:\5.15.2\5.15.2\msvc2019_64\include\QtGui\qtransform.h(391,21): message : 或    “QDebug operator <<(QDebug,const QTransform &)”
D:\5.15.2\5.15.2\msvc2019_64\include\QtGui\qtransform.h(386,27): message : 或    “QDataStream &operator <<(QDataStream &,const QTransform &)”
D:\5.15.2\5.15.2\msvc2019_64\include\QtGui\qmatrix.h(189,21): message : 或    “QDebug operator <<(QDebug,const QMatrix &)”
D:\5.15.2\5.15.2\msvc2019_64\include\QtGui\qmatrix.h(184,27): message : 或    “QDataStream &operator <<(QDataStream &,const QMatrix &)”
D:\5.15.2\5.15.2\msvc2019_64\include\QtCore\qline.h(435,28): message : 或    “QDataStream &operator <<(QDataStream &,const QLineF &)”
D:\5.15.2\5.15.2\msvc2019_64\include\QtCore\qline.h(431,22): message : 或    “QDebug operator <<(QDebug,const QLineF &)”
D:\5.15.2\5.15.2\msvc2019_64\include\QtCore\qline.h(207,28): message : 或    “QDataStream &operator <<(QDataStream &,const QLine &)”
D:\5.15.2\5.15.2\msvc2019_64\include\QtCore\qline.h(203,22): message : 或    “QDebug operator <<(QDebug,const QLine &)”
D:\5.15.2\5.15.2\msvc2019_64\include\QtGui\qregion.h(194,21): message : 或    “QDebug operator <<(QDebug,const QRegion &)”
D:\5.15.2\5.15.2\msvc2019_64\include\QtGui\qregion.h(160,38): message : 或    “QDataStream &operator <<(QDataStream &,const QRegion &)”
D:\5.15.2\5.15.2\msvc2019_64\include\QtCore\qiodevice.h(189,22): message : 或    “QDebug operator <<(QDebug,QIODevice::OpenMode)”
D:\5.15.2\5.15.2\msvc2019_64\include\QtGui\qpolygon.h(187,27): message : 或    “QDataStream &operator <<(QDataStream &,const QPolygonF &)”
D:\5.15.2\5.15.2\msvc2019_64\include\QtGui\qpolygon.h(180,21): message : 或    “QDebug operator <<(QDebug,const QPolygonF &)”
D:\5.15.2\5.15.2\msvc2019_64\include\QtGui\qpolygon.h(112,27): message : 或    “QDataStream &operator <<(QDataStream &,const QPolygon &)”
D:\5.15.2\5.15.2\msvc2019_64\include\QtGui\qpolygon.h(105,21): message : 或    “QDebug operator <<(QDebug,const QPolygon &)”
D:\5.15.2\5.15.2\msvc2019_64\include\QtGui\qcolor.h(60,27): message : 或    “QDataStream &operator <<(QDataStream &,const QColor &)”
D:\5.15.2\5.15.2\msvc2019_64\include\QtGui\qcolor.h(57,21): message : 或    “QDebug operator <<(QDebug,const QColor &)”
D:\5.15.2\5.15.2\msvc2019_64\include\QtCore\qrect.h(920,22): message : 或    “QDebug operator <<(QDebug,const QRectF &)”
D:\5.15.2\5.15.2\msvc2019_64\include\QtCore\qrect.h(636,28): message : 或    “QDataStream &operator <<(QDataStream &,const QRectF &)”
D:\5.15.2\5.15.2\msvc2019_64\include\QtCore\qrect.h(507,22): message : 或    “QDebug operator <<(QDebug,const QRect &)”
D:\5.15.2\5.15.2\msvc2019_64\include\QtCore\qrect.h(176,28): message : 或    “QDataStream &operator <<(QDataStream &,const QRect &)”
D:\5.15.2\5.15.2\msvc2019_64\include\QtCore\qsize.h(397,22): message : 或    “QDebug operator <<(QDebug,const QSizeF &)”
D:\5.15.2\5.15.2\msvc2019_64\include\QtCore\qsize.h(287,28): message : 或    “QDataStream &operator <<(QDataStream &,const QSizeF &)”
D:\5.15.2\5.15.2\msvc2019_64\include\QtCore\qsize.h(217,22): message : 或    “QDebug operator <<(QDebug,const QSize &)”
D:\5.15.2\5.15.2\msvc2019_64\include\QtCore\qsize.h(114,28): message : 或    “QDataStream &operator <<(QDataStream &,const QSize &)”
D:\5.15.2\5.15.2\msvc2019_64\include\QtCore\qmargins.h(487,22): message : 或    “QDebug operator <<(QDebug,const QMarginsF &)”
D:\5.15.2\5.15.2\msvc2019_64\include\QtCore\qmargins.h(327,28): message : 或    “QDataStream &operator <<(QDataStream &,const QMarginsF &)”
D:\5.15.2\5.15.2\msvc2019_64\include\QtCore\qmargins.h(278,22): message : 或    “QDebug operator <<(QDebug,const QMargins &)”
D:\5.15.2\5.15.2\msvc2019_64\include\QtCore\qmargins.h(94,28): message : 或    “QDataStream &operator <<(QDataStream &,const QMargins &)”
D:\5.15.2\5.15.2\msvc2019_64\include\QtCore\qobject.h(554,22): message : 或    “QDebug operator <<(QDebug,const QObject *)”
D:\5.15.2\5.15.2\msvc2019_64\include\QtCore\qregexp.h(127,22): message : 或    “QDebug operator <<(QDebug,const QRegExp &)”
D:\5.15.2\5.15.2\msvc2019_64\include\QtCore\qregexp.h(122,28): message : 或    “QDataStream &operator <<(QDataStream &,const QRegExp &)”
D:\5.15.2\5.15.2\msvc2019_64\include\QtCore\qpoint.h(418,22): message : 或    “QDebug operator <<(QDebug,const QPointF &)”
D:\5.15.2\5.15.2\msvc2019_64\include\QtCore\qpoint.h(281,28): message : 或    “QDataStream &operator <<(QDataStream &,const QPointF &)”
D:\5.15.2\5.15.2\msvc2019_64\include\QtCore\qpoint.h(214,22): message : 或    “QDebug operator <<(QDebug,const QPoint &)”
D:\5.15.2\5.15.2\msvc2019_64\include\QtCore\qpoint.h(114,28): message : 或    “QDataStream &operator <<(QDataStream &,const QPoint &)”
D:\5.15.2\5.15.2\msvc2019_64\include\QtCore\qstring.h(1590,28): message : 或    “QDataStream &operator <<(QDataStream &,const QString &)”
D:\5.15.2\5.15.2\msvc2019_64\include\QtCore\qbytearray.h(759,28): message : 或    “QDataStream &operator <<(QDataStream &,const QByteArray &)”
D:\5.15.2\5.15.2\msvc2019_64\include\QtCore\qchar.h(662,28): message : 或    “QDataStream &operator <<(QDataStream &,QChar)”
E:\WorkSpace\Coding\Recite\Recite\CustomTree.cpp(94,102): message : 尝试匹配参数列表“(QList<QString>, Word)”时
E:\WorkSpace\Coding\Recite\Recite\CustomTree.cpp(94,102): error C2660: “QObject::setProperty”: 函数不接受 1 个参数
D:\5.15.2\5.15.2\msvc2019_64\include\QtCore\qobject.h(406,10): message : 参见“QObject::setProperty”的声明
