e:\workspace\coding\recite\recite\x64\debug\moc_mainwindow.obj
e:\workspace\coding\recite\recite\x64\debug\moc_jsonoper.obj
e:\workspace\coding\recite\recite\x64\debug\qrc_recite.obj
e:\workspace\coding\recite\recite\x64\debug\moc_word.obj
e:\workspace\coding\recite\recite\x64\debug\mainwindow.obj
e:\workspace\coding\recite\recite\x64\debug\word.obj
e:\workspace\coding\recite\recite\x64\debug\jsonoper.obj
e:\workspace\coding\recite\recite\x64\debug\main.obj
e:\workspace\coding\recite\recite\x64\debug\vc142.pdb
e:\workspace\coding\recite\x64\debug\recite.exe
e:\workspace\coding\recite\x64\debug\recite.ilk
e:\workspace\coding\recite\x64\debug\recite.pdb
e:\workspace\coding\recite\recite\x64\debug\moc\moc_mainwindow.cpp
e:\workspace\coding\recite\recite\x64\debug\rcc\qrc_recite.cpp
e:\workspace\coding\recite\recite\x64\debug\moc\moc_word.cpp
e:\workspace\coding\recite\recite\x64\debug\moc\moc_jsonoper.cpp
e:\workspace\coding\recite\recite\x64\debug\recite.tlog\cl.command.1.tlog
e:\workspace\coding\recite\recite\x64\debug\recite.tlog\cl.read.1.tlog
e:\workspace\coding\recite\recite\x64\debug\recite.tlog\cl.write.1.tlog
e:\workspace\coding\recite\recite\x64\debug\recite.tlog\link.command.1.tlog
e:\workspace\coding\recite\recite\x64\debug\recite.tlog\link.read.1.tlog
e:\workspace\coding\recite\recite\x64\debug\recite.tlog\link.write.1.tlog
e:\workspace\coding\recite\recite\x64\debug\recite.tlog\moc.read.1u.tlog
e:\workspace\coding\recite\recite\x64\debug\recite.tlog\moc.write.1u.tlog
e:\workspace\coding\recite\recite\x64\debug\recite.tlog\rcc.read.1u.tlog
e:\workspace\coding\recite\recite\x64\debug\recite.tlog\rcc.write.1u.tlog
e:\workspace\coding\recite\recite\x64\debug\recite.tlog\recite.write.1u.tlog
